#
# There is insufficient memory for the Java Runtime Environment to continue.
# Native memory allocation (malloc) failed to allocate 422256 bytes for Chunk::new
# Possible reasons:
#   The system is out of physical RAM or swap space
#   The process is running with CompressedOops enabled, and the Java Heap may be blocking the growth of the native heap
# Possible solutions:
#   Reduce memory load on the system
#   Increase physical memory or swap space
#   Check if swap backing store is full
#   Decrease Java heap size (-Xmx/-Xms)
#   Decrease number of Java threads
#   Decrease Java thread stack sizes (-Xss)
#   Set larger code cache with -XX:ReservedCodeCacheSize=
#   JVM is running with Unscaled Compressed Oops mode in which the Java heap is
#     placed in the first 4GB address space. The Java Heap base address is the
#     maximum limit for the native heap growth. Please use -XX:HeapBaseMinAddress
#     to set the Java Heap base and to place the Java Heap above 4GB virtual address.
# This output file may be truncated or incomplete.
#
#  Out of Memory Error (allocation.cpp:389), pid=6112, tid=0x0000000000001b3c
#
# JRE version: OpenJDK Runtime Environment (8.0_242-b01) (build 1.8.0_242-release-1644-b01)
# Java VM: OpenJDK 64-Bit Server VM (25.242-b01 mixed mode windows-amd64 compressed oops)
# Failed to write core dump. Minidumps are not enabled by default on client versions of Windows
#

---------------  T H R E A D  ---------------

Current thread (0x0000000019708000):  JavaThread "C2 CompilerThread2" daemon [_thread_in_native, id=6972, stack(0x000000001a1d0000,0x000000001a2d0000)]

Stack: [0x000000001a1d0000,0x000000001a2d0000]
[error occurred during error reporting (printing stack bounds), id 0xc0000005]

Native frames: (J=compiled Java code, j=interpreted, Vv=VM code, C=native code)


Current CompileTask:
C2:  16969 12350       4       com.android.tools.r8.ir.conversion.o::a (1157 bytes)


---------------  P R O C E S S  ---------------

Java Threads: ( => current thread )
  0x000000001e953800 JavaThread "WorkerExecutor Queue Thread 11" [_thread_blocked, id=19176, stack(0x0000000029980000,0x0000000029a80000)]
  0x000000001e94e800 JavaThread "WorkerExecutor Queue Thread 10" [_thread_in_Java, id=21592, stack(0x0000000029880000,0x0000000029980000)]
  0x000000001e950800 JavaThread "WorkerExecutor Queue Thread 9" [_thread_in_Java, id=2932, stack(0x0000000029780000,0x0000000029880000)]
  0x000000001e94f000 JavaThread "WorkerExecutor Queue Thread 8" [_thread_in_Java, id=1392, stack(0x0000000029680000,0x0000000029780000)]
  0x000000001e94c000 JavaThread "WorkerExecutor Queue Thread 7" [_thread_blocked, id=24924, stack(0x0000000029580000,0x0000000029680000)]
  0x0000000022ce5800 JavaThread "WorkerExecutor Queue Thread 6" [_thread_in_vm, id=17148, stack(0x0000000029480000,0x0000000029580000)]
  0x0000000022cea800 JavaThread "WorkerExecutor Queue Thread 5" [_thread_blocked, id=22644, stack(0x0000000028ed0000,0x0000000028fd0000)]
  0x0000000022cdb800 JavaThread "Cache worker for Java compile cache (C:\Users\Computer\AndroidStudioProjects\ConstructionManager_v.2\.gradle\6.1.1\javaCompile)" [_thread_blocked, id=19080, stack(0x0000000027f10000,0x0000000028010000)]
  0x0000000022ce2800 JavaThread "Cache worker for Java compile cache (C:\Users\Computer\.gradle\caches\6.1.1\javaCompile)" [_thread_blocked, id=21948, stack(0x0000000027c10000,0x0000000027d10000)]
  0x0000000022ce8800 JavaThread "WorkerExecutor Queue Thread 4" [_thread_blocked, id=18716, stack(0x00000000289d0000,0x0000000028ad0000)]
  0x0000000022ce7800 JavaThread "stdout" [_thread_in_native, id=5544, stack(0x00000000286d0000,0x00000000287d0000)]
  0x0000000022cea000 JavaThread "stderr" [_thread_in_native, id=20672, stack(0x00000000285d0000,0x00000000286d0000)]
  0x0000000022ce9000 JavaThread "stdout" [_thread_in_native, id=11836, stack(0x0000000028210000,0x0000000028310000)]
  0x0000000022ce7000 JavaThread "stderr" [_thread_in_native, id=17624, stack(0x0000000028110000,0x0000000028210000)]
  0x0000000022ce4000 JavaThread "stdout" [_thread_in_native, id=7240, stack(0x00000000284d0000,0x00000000285d0000)]
  0x0000000022ce6000 JavaThread "stderr" [_thread_in_native, id=14152, stack(0x00000000283d0000,0x00000000284d0000)]
  0x0000000022cdc800 JavaThread "pool-2-thread-1" [_thread_blocked, id=25360, stack(0x0000000028010000,0x0000000028110000)]
  0x0000000022ce1800 JavaThread "WorkerExecutor Queue" [_thread_in_Java, id=24660, stack(0x0000000027660000,0x0000000027760000)]
  0x0000000022cdd000 JavaThread "Cache worker for execution history cache (C:\Users\Computer\AndroidStudioProjects\ConstructionManager_v.2\.gradle\6.1.1\executionHistory)" [_thread_blocked, id=17920, stack(0x0000000027560000,0x0000000027660000)]
  0x0000000022cdf800 JavaThread "Execution worker for ':' Thread 7" [_thread_blocked, id=22244, stack(0x0000000027460000,0x0000000027560000)]
  0x000000001f4ed800 JavaThread "Execution worker for ':' Thread 6" [_thread_blocked, id=14236, stack(0x0000000027360000,0x0000000027460000)]
  0x000000001f4ed000 JavaThread "Execution worker for ':' Thread 5" [_thread_blocked, id=15668, stack(0x0000000027260000,0x0000000027360000)]
  0x000000001f4f0800 JavaThread "Execution worker for ':' Thread 4" [_thread_blocked, id=11972, stack(0x0000000027160000,0x0000000027260000)]
  0x000000001f4ee800 JavaThread "Execution worker for ':' Thread 3" [_thread_blocked, id=14580, stack(0x0000000027060000,0x0000000027160000)]
  0x000000001f4f3800 JavaThread "Execution worker for ':' Thread 2" [_thread_blocked, id=7452, stack(0x0000000026f60000,0x0000000027060000)]
  0x000000001f4f2000 JavaThread "Execution worker for ':'" [_thread_blocked, id=7720, stack(0x0000000026c30000,0x0000000026d30000)]
  0x000000001f4ef000 JavaThread "Cache worker for file content cache (C:\Users\Computer\AndroidStudioProjects\ConstructionManager_v.2\.gradle\6.1.1\fileContent)" [_thread_blocked, id=21396, stack(0x0000000026730000,0x0000000026830000)]
  0x000000001f4f3000 JavaThread "Cache worker for file content cache (C:\Users\Computer\.gradle\caches\6.1.1\fileContent)" [_thread_blocked, id=6088, stack(0x0000000026630000,0x0000000026730000)]
  0x000000001f4f0000 JavaThread "Memory manager" [_thread_blocked, id=1252, stack(0x0000000026530000,0x0000000026630000)]
  0x000000001f4f1800 JavaThread "Cache worker for Build Output Cleanup Cache (C:\Users\Computer\AndroidStudioProjects\ConstructionManager_v.2\.gradle\buildOutputCleanup)" [_thread_blocked, id=6340, stack(0x0000000025c30000,0x0000000025d30000)]
  0x000000001f4e7800 JavaThread "Build operations Thread 8" [_thread_blocked, id=15568, stack(0x0000000024260000,0x0000000024360000)]
  0x000000001f4eb800 JavaThread "Build operations Thread 7" [_thread_blocked, id=8752, stack(0x0000000024160000,0x0000000024260000)]
  0x000000001f4e5800 JavaThread "Build operations Thread 6" [_thread_blocked, id=18808, stack(0x0000000024060000,0x0000000024160000)]
  0x000000001f4e7000 JavaThread "Build operations Thread 5" [_thread_blocked, id=22112, stack(0x0000000023f60000,0x0000000024060000)]
  0x000000001f4e8800 JavaThread "Build operations Thread 4" [_thread_blocked, id=1576, stack(0x0000000023e60000,0x0000000023f60000)]
  0x000000001f4e6000 JavaThread "Build operations Thread 3" [_thread_blocked, id=21092, stack(0x0000000023d60000,0x0000000023e60000)]
  0x000000001f4ea800 JavaThread "Build operations Thread 2" [_thread_blocked, id=6644, stack(0x0000000023c60000,0x0000000023d60000)]
  0x000000001f4ea000 JavaThread "Build operations" [_thread_blocked, id=22852, stack(0x0000000022940000,0x0000000022a40000)]
  0x000000001c419800 JavaThread "Cache worker for execution history cache (C:\Users\Computer\.gradle\caches\6.1.1\executionHistory)" [_thread_blocked, id=23804, stack(0x0000000022040000,0x0000000022140000)]
  0x000000001c41b800 JavaThread "Cache worker for cache directory md-rule (C:\Users\Computer\.gradle\caches\6.1.1\md-rule)" [_thread_blocked, id=17420, stack(0x0000000020c10000,0x0000000020d10000)]
  0x000000001c41a000 JavaThread "Cache worker for cache directory md-supplier (C:\Users\Computer\.gradle\caches\6.1.1\md-supplier)" [_thread_blocked, id=9604, stack(0x0000000020b10000,0x0000000020c10000)]
  0x000000001c41c800 JavaThread "Cache worker for file hash cache (C:\Users\Computer\AndroidStudioProjects\ConstructionManager_v.2\.gradle\6.1.1\fileHashes)" [_thread_blocked, id=5080, stack(0x0000000021d40000,0x0000000021e40000)]
  0x000000001c41b000 JavaThread "Cache worker for checksums cache (C:\Users\Computer\AndroidStudioProjects\ConstructionManager_v.2\.gradle\checksums)" [_thread_blocked, id=19556, stack(0x000000001f800000,0x000000001f900000)]
  0x000000001c420000 JavaThread "Cache worker for file hash cache (C:\Users\Computer\.gradle\caches\6.1.1\fileHashes)" [_thread_blocked, id=17544, stack(0x000000001e530000,0x000000001e630000)]
  0x000000001c41f800 JavaThread "File lock request listener" [_thread_in_native, id=6356, stack(0x000000001e430000,0x000000001e530000)]
  0x000000001c3b8800 JavaThread "Cache worker for journal cache (C:\Users\Computer\.gradle\caches\journal-1)" [_thread_blocked, id=4872, stack(0x000000001e330000,0x000000001e430000)]
  0x000000001c328800 JavaThread "Thread-9" [_thread_blocked, id=15292, stack(0x000000001e030000,0x000000001e130000)]
  0x000000001c328000 JavaThread "Stdin handler" [_thread_blocked, id=20676, stack(0x000000001df30000,0x000000001e030000)]
  0x000000001c330000 JavaThread "Asynchronous log dispatcher for DefaultDaemonConnection: socket connection from /127.0.0.1:55944 to /127.0.0.1:55945" [_thread_blocked, id=16620, stack(0x000000001dd30000,0x000000001de30000)]
  0x000000001c32b800 JavaThread "Daemon worker" [_thread_blocked, id=18436, stack(0x000000001dc30000,0x000000001dd30000)]
  0x000000001c32d000 JavaThread "Cancel handler" [_thread_blocked, id=12988, stack(0x000000001db30000,0x000000001dc30000)]
  0x000000001c2f8000 JavaThread "Handler for socket connection from /127.0.0.1:55944 to /127.0.0.1:55945" [_thread_in_native, id=3052, stack(0x000000001d830000,0x000000001d930000)]
  0x000000001c2fb800 JavaThread "Daemon" [_thread_blocked, id=23580, stack(0x000000001d730000,0x000000001d830000)]
  0x000000001c2e8800 JavaThread "Daemon periodic checks" [_thread_blocked, id=12532, stack(0x000000001d630000,0x000000001d730000)]
  0x000000001c29d000 JavaThread "Incoming local TCP Connector on port 55944" [_thread_in_native, id=9056, stack(0x000000001d3f0000,0x000000001d4f0000)]
  0x000000001c1c5800 JavaThread "Daemon health stats" [_thread_blocked, id=16628, stack(0x000000001cdb0000,0x000000001ceb0000)]
  0x0000000019798800 JavaThread "Service Thread" daemon [_thread_blocked, id=4604, stack(0x000000001a3d0000,0x000000001a4d0000)]
  0x000000001970b000 JavaThread "C1 CompilerThread3" daemon [_thread_in_native, id=1224, stack(0x000000001a2d0000,0x000000001a3d0000)]
=>0x0000000019708000 JavaThread "C2 CompilerThread2" daemon [_thread_in_native, id=6972, stack(0x000000001a1d0000,0x000000001a2d0000)]
  0x0000000019705000 JavaThread "C2 CompilerThread1" daemon [_thread_in_native, id=17164, stack(0x000000001a0d0000,0x000000001a1d0000)]
  0x0000000019702800 JavaThread "C2 CompilerThread0" daemon [_thread_in_native, id=3312, stack(0x0000000019fd0000,0x000000001a0d0000)]
  0x0000000019700000 JavaThread "Attach Listener" daemon [_thread_blocked, id=22548, stack(0x0000000019ed0000,0x0000000019fd0000)]
  0x00000000196ff000 JavaThread "Signal Dispatcher" daemon [_thread_blocked, id=13136, stack(0x0000000019dd0000,0x0000000019ed0000)]
  0x00000000196f1800 JavaThread "Finalizer" daemon [_thread_blocked, id=10360, stack(0x0000000019bd0000,0x0000000019cd0000)]
  0x00000000196f0800 JavaThread "Reference Handler" daemon [_thread_blocked, id=10096, stack(0x0000000019ad0000,0x0000000019bd0000)]
  0x000000000278e800 JavaThread "main" [_thread_blocked, id=12280, stack(0x00000000025f0000,0x00000000026f0000)]

Other Threads:
  0x00000000178f8000 VMThread [stack: 0x00000000195d0000,0x00000000196d0000] [id=18476]
  0x00000000197a1800 WatcherThread [stack: 0x000000001a4d0000,0x000000001a5d0000] [id=2920]

VM state:not at safepoint (normal execution)

VM Mutex/Monitor currently owned by a thread:  ([mutex/lock_event])
[0x000000000278c560] CodeCache_lock - owner thread: 0x000000001970b000

heap address: 0x0000000080000000, size: 2048 MB, Compressed Oops mode: 32-bit
Narrow klass base: 0x0000000000000000, Narrow klass shift: 3
Compressed class space size: 1073741824 Address: 0x0000000100000000

Heap:
 PSYoungGen      total 366592K, used 84934K [0x00000000d5580000, 0x00000000eff00000, 0x0000000100000000)
  eden space 342016K, 17% used [0x00000000d5580000,0x00000000d90ab7e8,0x00000000ea380000)
  from space 24576K, 99% used [0x00000000ea380000,0x00000000ebb7f470,0x00000000ebb80000)
  to   space 31744K, 0% used [0x00000000ee000000,0x00000000ee000000,0x00000000eff00000)
 ParOldGen       total 263680K, used 42355K [0x0000000080000000, 0x0000000090180000, 0x00000000d5580000)
  object space 263680K, 16% used [0x0000000080000000,0x000000008295cf78,0x0000000090180000)
 Metaspace       used 82087K, capacity 86788K, committed 86824K, reserved 1124352K
  class space    used 11181K, capacity 12055K, committed 12080K, reserved 1048576K

Card table byte_map: [0x0000000011c50000,0x0000000012060000] byte_map_base: 0x0000000011850000

Marking Bits: (ParMarkBitMap*) 0x000000006331f030
 Begin Bits: [0x0000000012b10000, 0x0000000014b10000)
 End Bits:   [0x0000000014b10000, 0x0000000016b10000)

Polling page: 0x0000000000fc0000

CodeCache: size=245760Kb used=34973Kb max_used=34973Kb free=210786Kb
 bounds [0x0000000002890000, 0x0000000004ae0000, 0x0000000011890000]
 total_blobs=11814 nmethods=10949 adapters=777
 compilation: enabled

Compilation events (10 events):
Event: 16.966 Thread 0x000000001970b000 nmethod 12484 0x0000000004ac8650 code [0x0000000004ac8800, 0x0000000004ac8ea8]
Event: 16.966 Thread 0x000000001970b000 12483       3       com.android.tools.r8.ir.regalloc.h::a (122 bytes)
Event: 16.967 Thread 0x000000001970b000 nmethod 12483 0x0000000004acc850 code [0x0000000004accaa0, 0x0000000004acd848]
Event: 16.967 Thread 0x000000001970b000 12470       3       com.android.tools.r8.u.b.h0::a (51 bytes)
Event: 16.967 Thread 0x000000001970b000 nmethod 12470 0x0000000004ac79d0 code [0x0000000004ac7ba0, 0x0000000004ac8338]
Event: 16.967 Thread 0x000000001970b000 12489       3       java.util.Collection::removeIf (51 bytes)
Event: 16.968 Thread 0x000000001970b000 nmethod 12489 0x0000000004acde50 code [0x0000000004ace040, 0x0000000004ace7d8]
Event: 16.968 Thread 0x000000001970b000 12488       3       com.android.tools.r8.u.b.h0::C2 (8 bytes)
Event: 16.968 Thread 0x000000001970b000 nmethod 12488 0x0000000004acea90 code [0x0000000004acec00, 0x0000000004acee68]
Event: 16.968 Thread 0x000000001970b000 12491       3       com.android.tools.r8.graph.I::a (1039 bytes)

GC Heap History (10 events):
Event: 6.893 GC heap before
{Heap before GC invocations=8 (full 2):
 PSYoungGen      total 205824K, used 195072K [0x00000000d5580000, 0x00000000e6a80000, 0x0000000100000000)
  eden space 195072K, 100% used [0x00000000d5580000,0x00000000e1400000,0x00000000e1400000)
  from space 10752K, 0% used [0x00000000e5580000,0x00000000e5580000,0x00000000e6000000)
  to   space 10752K, 0% used [0x00000000e6000000,0x00000000e6000000,0x00000000e6a80000)
 ParOldGen       total 176128K, used 15571K [0x0000000080000000, 0x000000008ac00000, 0x00000000d5580000)
  object space 176128K, 8% used [0x0000000080000000,0x0000000080f34e00,0x000000008ac00000)
 Metaspace       used 51180K, capacity 53040K, committed 53160K, reserved 1095680K
  class space    used 6870K, capacity 7279K, committed 7344K, reserved 1048576K
Event: 6.908 GC heap after
Heap after GC invocations=8 (full 2):
 PSYoungGen      total 261120K, used 10724K [0x00000000d5580000, 0x00000000e8380000, 0x0000000100000000)
  eden space 250368K, 0% used [0x00000000d5580000,0x00000000d5580000,0x00000000e4a00000)
  from space 10752K, 99% used [0x00000000e6000000,0x00000000e6a79310,0x00000000e6a80000)
  to   space 22528K, 0% used [0x00000000e4a00000,0x00000000e4a00000,0x00000000e6000000)
 ParOldGen       total 176128K, used 28370K [0x0000000080000000, 0x000000008ac00000, 0x00000000d5580000)
  object space 176128K, 16% used [0x0000000080000000,0x0000000081bb4850,0x000000008ac00000)
 Metaspace       used 51180K, capacity 53040K, committed 53160K, reserved 1095680K
  class space    used 6870K, capacity 7279K, committed 7344K, reserved 1048576K
}
Event: 7.598 GC heap before
{Heap before GC invocations=9 (full 2):
 PSYoungGen      total 261120K, used 86369K [0x00000000d5580000, 0x00000000e8380000, 0x0000000100000000)
  eden space 250368K, 30% used [0x00000000d5580000,0x00000000d9f5f460,0x00000000e4a00000)
  from space 10752K, 99% used [0x00000000e6000000,0x00000000e6a79310,0x00000000e6a80000)
  to   space 22528K, 0% used [0x00000000e4a00000,0x00000000e4a00000,0x00000000e6000000)
 ParOldGen       total 176128K, used 28370K [0x0000000080000000, 0x000000008ac00000, 0x00000000d5580000)
  object space 176128K, 16% used [0x0000000080000000,0x0000000081bb4850,0x000000008ac00000)
 Metaspace       used 57072K, capacity 59080K, committed 59160K, reserved 1099776K
  class space    used 7839K, capacity 8309K, committed 8368K, reserved 1048576K
Event: 7.612 GC heap after
Heap after GC invocations=9 (full 2):
 PSYoungGen      total 272896K, used 18419K [0x00000000d5580000, 0x00000000eda80000, 0x0000000100000000)
  eden space 250368K, 0% used [0x00000000d5580000,0x00000000d5580000,0x00000000e4a00000)
  from space 22528K, 81% used [0x00000000e4a00000,0x00000000e5bfcf08,0x00000000e6000000)
  to   space 24064K, 0% used [0x00000000ec300000,0x00000000ec300000,0x00000000eda80000)
 ParOldGen       total 176128K, used 28378K [0x0000000080000000, 0x000000008ac00000, 0x00000000d5580000)
  object space 176128K, 16% used [0x0000000080000000,0x0000000081bb6850,0x000000008ac00000)
 Metaspace       used 57072K, capacity 59080K, committed 59160K, reserved 1099776K
  class space    used 7839K, capacity 8309K, committed 8368K, reserved 1048576K
}
Event: 7.612 GC heap before
{Heap before GC invocations=10 (full 3):
 PSYoungGen      total 272896K, used 18419K [0x00000000d5580000, 0x00000000eda80000, 0x0000000100000000)
  eden space 250368K, 0% used [0x00000000d5580000,0x00000000d5580000,0x00000000e4a00000)
  from space 22528K, 81% used [0x00000000e4a00000,0x00000000e5bfcf08,0x00000000e6000000)
  to   space 24064K, 0% used [0x00000000ec300000,0x00000000ec300000,0x00000000eda80000)
 ParOldGen       total 176128K, used 28378K [0x0000000080000000, 0x000000008ac00000, 0x00000000d5580000)
  object space 176128K, 16% used [0x0000000080000000,0x0000000081bb6850,0x000000008ac00000)
 Metaspace       used 57072K, capacity 59080K, committed 59160K, reserved 1099776K
  class space    used 7839K, capacity 8309K, committed 8368K, reserved 1048576K
Event: 7.762 GC heap after
Heap after GC invocations=10 (full 3):
 PSYoungGen      total 272896K, used 0K [0x00000000d5580000, 0x00000000eda80000, 0x0000000100000000)
  eden space 250368K, 0% used [0x00000000d5580000,0x00000000d5580000,0x00000000e4a00000)
  from space 22528K, 0% used [0x00000000e4a00000,0x00000000e4a00000,0x00000000e6000000)
  to   space 24064K, 0% used [0x00000000ec300000,0x00000000ec300000,0x00000000eda80000)
 ParOldGen       total 263680K, used 32458K [0x0000000080000000, 0x0000000090180000, 0x00000000d5580000)
  object space 263680K, 12% used [0x0000000080000000,0x0000000081fb2bf8,0x0000000090180000)
 Metaspace       used 57035K, capacity 58954K, committed 59160K, reserved 1099776K
  class space    used 7827K, capacity 8288K, committed 8368K, reserved 1048576K
}
Event: 11.273 GC heap before
{Heap before GC invocations=11 (full 3):
 PSYoungGen      total 272896K, used 250368K [0x00000000d5580000, 0x00000000eda80000, 0x0000000100000000)
  eden space 250368K, 100% used [0x00000000d5580000,0x00000000e4a00000,0x00000000e4a00000)
  from space 22528K, 0% used [0x00000000e4a00000,0x00000000e4a00000,0x00000000e6000000)
  to   space 24064K, 0% used [0x00000000ec300000,0x00000000ec300000,0x00000000eda80000)
 ParOldGen       total 263680K, used 32458K [0x0000000080000000, 0x0000000090180000, 0x00000000d5580000)
  object space 263680K, 12% used [0x0000000080000000,0x0000000081fb2bf8,0x0000000090180000)
 Metaspace       used 63716K, capacity 66928K, committed 66984K, reserved 1107968K
  class space    used 8755K, capacity 9385K, committed 9392K, reserved 1048576K
Event: 11.291 GC heap after
Heap after GC invocations=11 (full 3):
 PSYoungGen      total 339456K, used 16785K [0x00000000d5580000, 0x00000000ed380000, 0x0000000100000000)
  eden space 322560K, 0% used [0x00000000d5580000,0x00000000d5580000,0x00000000e9080000)
  from space 16896K, 99% used [0x00000000ec300000,0x00000000ed3644d0,0x00000000ed380000)
  to   space 24576K, 0% used [0x00000000ea380000,0x00000000ea380000,0x00000000ebb80000)
 ParOldGen       total 263680K, used 32466K [0x0000000080000000, 0x0000000090180000, 0x00000000d5580000)
  object space 263680K, 12% used [0x0000000080000000,0x0000000081fb4bf8,0x0000000090180000)
 Metaspace       used 63716K, capacity 66928K, committed 66984K, reserved 1107968K
  class space    used 8755K, capacity 9385K, committed 9392K, reserved 1048576K
}
Event: 16.630 GC heap before
{Heap before GC invocations=12 (full 3):
 PSYoungGen      total 339456K, used 339345K [0x00000000d5580000, 0x00000000ed380000, 0x0000000100000000)
  eden space 322560K, 100% used [0x00000000d5580000,0x00000000e9080000,0x00000000e9080000)
  from space 16896K, 99% used [0x00000000ec300000,0x00000000ed3644d0,0x00000000ed380000)
  to   space 24576K, 0% used [0x00000000ea380000,0x00000000ea380000,0x00000000ebb80000)
 ParOldGen       total 263680K, used 32466K [0x0000000080000000, 0x0000000090180000, 0x00000000d5580000)
  object space 263680K, 12% used [0x0000000080000000,0x0000000081fb4bf8,0x0000000090180000)
 Metaspace       used 77509K, capacity 81646K, committed 81960K, reserved 1120256K
  class space    used 10471K, capacity 11252K, committed 11312K, reserved 1048576K
Event: 16.655 GC heap after
Heap after GC invocations=12 (full 3):
 PSYoungGen      total 366592K, used 24573K [0x00000000d5580000, 0x00000000eff00000, 0x0000000100000000)
  eden space 342016K, 0% used [0x00000000d5580000,0x00000000d5580000,0x00000000ea380000)
  from space 24576K, 99% used [0x00000000ea380000,0x00000000ebb7f470,0x00000000ebb80000)
  to   space 31744K, 0% used [0x00000000ee000000,0x00000000ee000000,0x00000000eff00000)
 ParOldGen       total 263680K, used 42355K [0x0000000080000000, 0x0000000090180000, 0x00000000d5580000)
  object space 263680K, 16% used [0x0000000080000000,0x000000008295cf78,0x0000000090180000)
 Metaspace       used 77509K, capacity 81646K, committed 81960K, reserved 1120256K
  class space    used 10471K, capacity 11252K, committed 11312K, reserved 1048576K
}

Deoptimization events (10 events):
Event: 16.887 Thread 0x0000000022ce1800 Uncommon trap: reason=bimorphic action=maybe_recompile pc=0x000000000496ec8c method=com.android.tools.r8.s.a.a.a.v.hash(Ljava/lang/Object;)I @ 8
Event: 16.887 Thread 0x0000000022ce1800 Uncommon trap: reason=bimorphic action=maybe_recompile pc=0x00000000035213bc method=java.util.Objects.equals(Ljava/lang/Object;Ljava/lang/Object;)Z @ 11
Event: 16.888 Thread 0x0000000022ce1800 Uncommon trap: reason=bimorphic action=maybe_recompile pc=0x00000000035213bc method=java.util.Objects.equals(Ljava/lang/Object;Ljava/lang/Object;)Z @ 11
Event: 16.916 Thread 0x0000000022ce1800 Uncommon trap: reason=unstable_if action=reinterpret pc=0x0000000004a3a804 method=com.android.tools.r8.ir.conversion.o.h(I)Lcom/android/tools/r8/ir/conversion/m; @ 14
Event: 16.919 Thread 0x0000000022ce1800 Uncommon trap: reason=bimorphic action=maybe_recompile pc=0x00000000035213bc method=java.util.Objects.equals(Ljava/lang/Object;Ljava/lang/Object;)Z @ 11
Event: 16.920 Thread 0x0000000022ce1800 Uncommon trap: reason=bimorphic action=maybe_recompile pc=0x00000000035213bc method=java.util.Objects.equals(Ljava/lang/Object;Ljava/lang/Object;)Z @ 11
Event: 16.920 Thread 0x0000000022ce1800 Uncommon trap: reason=bimorphic action=maybe_recompile pc=0x0000000002b0ffcc method=java.util.Collections$UnmodifiableCollection.contains(Ljava/lang/Object;)Z @ 5
Event: 16.934 Thread 0x0000000022ce1800 Uncommon trap: reason=bimorphic action=maybe_recompile pc=0x0000000002b0ffcc method=java.util.Collections$UnmodifiableCollection.contains(Ljava/lang/Object;)Z @ 5
Event: 16.934 Thread 0x0000000022ce1800 Uncommon trap: reason=bimorphic action=maybe_recompile pc=0x0000000002b0ffcc method=java.util.Collections$UnmodifiableCollection.contains(Ljava/lang/Object;)Z @ 5
Event: 16.934 Thread 0x0000000022ce1800 Uncommon trap: reason=bimorphic action=maybe_recompile pc=0x0000000002b0ffcc method=java.util.Collections$UnmodifiableCollection.contains(Ljava/lang/Object;)Z @ 5

Classes redefined (0 events):
No events

Internal exceptions (10 events):
Event: 16.302 Thread 0x000000001c32b800 Implicit null exception at 0x000000000487d440 to 0x000000000487dc19
Event: 16.321 Thread 0x000000001f4ed800 Implicit null exception at 0x000000000488953f to 0x0000000004889ea5
Event: 16.457 Thread 0x000000001c32b800 Exception <a 'java/lang/NoSuchMethodError': <clinit>> (0x00000000e7642c98) thrown at [C:\src\AOSP-openjdk-git\hotspot\src\share\vm\prims\jni.cpp, line 1615]
Event: 16.483 Thread 0x0000000022ce5800 Exception <a 'java/lang/NoSuchMethodError': java.lang.Object.lambda$static$0(Ljava/lang/String;)Z> (0x00000000e7a2aa30) thrown at [C:\src\AOSP-openjdk-git\hotspot\src\share\vm\interpreter\linkResolver.cpp, line 620]
Event: 16.527 Thread 0x0000000022ce1800 Exception <a 'sun/nio/fs/WindowsException'> (0x00000000e83cbe70) thrown at [C:\src\AOSP-openjdk-git\hotspot\src\share\vm\prims\jni.cpp, line 710]
Event: 16.824 Thread 0x0000000022ce1800 Exception <a 'java/lang/NoSuchMethodError': java.lang.Object.lambda$maxBy$1(Ljava/util/Comparator;Ljava/lang/Object;Ljava/lang/Object;)Ljava/lang/Object;> (0x00000000d75739b8) thrown at [C:\src\AOSP-openjdk-git\hotspot\src\share\vm\interpreter\linkResolve
Event: 16.824 Thread 0x000000001e950800 Exception <a 'java/lang/NoSuchMethodError': java.lang.Object.lambda$maxBy$1(Ljava/util/Comparator;Ljava/lang/Object;Ljava/lang/Object;)Ljava/lang/Object;> (0x00000000d76c9538) thrown at [C:\src\AOSP-openjdk-git\hotspot\src\share\vm\interpreter\linkResolve
Event: 16.824 Thread 0x0000000022ce5800 Exception <a 'java/lang/NoSuchMethodError': java.lang.Object.lambda$maxBy$1(Ljava/util/Comparator;Ljava/lang/Object;Ljava/lang/Object;)Ljava/lang/Object;> (0x00000000d772bed0) thrown at [C:\src\AOSP-openjdk-git\hotspot\src\share\vm\interpreter\linkResolve
Event: 16.824 Thread 0x000000001e94e800 Exception <a 'java/lang/NoSuchMethodError': java.lang.Object.lambda$maxBy$1(Ljava/util/Comparator;Ljava/lang/Object;Ljava/lang/Object;)Ljava/lang/Object;> (0x00000000d76f2b28) thrown at [C:\src\AOSP-openjdk-git\hotspot\src\share\vm\interpreter\linkResolve
Event: 16.824 Thread 0x000000001e94f000 Exception <a 'java/lang/NoSuchMethodError': java.lang.Object.lambda$maxBy$1(Ljava/util/Comparator;Ljava/lang/Object;Ljava/lang/Object;)Ljava/lang/Object;> (0x00000000d746e9e8) thrown at [C:\src\AOSP-openjdk-git\hotspot\src\share\vm\interpreter\linkResolve

Events (10 events):
Event: 16.967 loading class com/android/tools/r8/code/A0
Event: 16.967 loading class com/android/tools/r8/code/A0 done
Event: 16.967 loading class com/android/tools/r8/dex/P$h
Event: 16.967 loading class com/android/tools/r8/dex/P$h done
Event: 16.967 loading class com/android/tools/r8/code/z0
Event: 16.967 loading class com/android/tools/r8/code/z0 done
Event: 16.968 loading class com/android/tools/r8/dex/P$c
Event: 16.968 loading class com/android/tools/r8/dex/P$c done
Event: 16.968 loading class com/android/tools/r8/code/W1
Event: 16.968 loading class com/android/tools/r8/code/W1 done


Dynamic libraries:
0x00007ff711930000 - 0x00007ff711961000 	E:\Android\Android Studio\jre\bin\java.exe
0x00007ffba4a30000 - 0x00007ffba4c26000 	C:\WINDOWS\SYSTEM32\ntdll.dll
0x00007ffba45d0000 - 0x00007ffba468d000 	C:\WINDOWS\System32\KERNEL32.DLL
0x00007ffba2250000 - 0x00007ffba2519000 	C:\WINDOWS\System32\KERNELBASE.dll
0x00007ffba2d80000 - 0x00007ffba2e2c000 	C:\WINDOWS\System32\ADVAPI32.dll
0x00007ffba35f0000 - 0x00007ffba368e000 	C:\WINDOWS\System32\msvcrt.dll
0x00007ffba2b80000 - 0x00007ffba2c1c000 	C:\WINDOWS\System32\sechost.dll
0x00007ffba3de0000 - 0x00007ffba3f0b000 	C:\WINDOWS\System32\RPCRT4.dll
0x00007ffba2e30000 - 0x00007ffba2fd0000 	C:\WINDOWS\System32\USER32.dll
0x00007ffba25a0000 - 0x00007ffba25c2000 	C:\WINDOWS\System32\win32u.dll
0x00007ffba2c20000 - 0x00007ffba2c4a000 	C:\WINDOWS\System32\GDI32.dll
0x00007ffba25d0000 - 0x00007ffba26d9000 	C:\WINDOWS\System32\gdi32full.dll
0x00007ffba27e0000 - 0x00007ffba287d000 	C:\WINDOWS\System32\msvcp_win.dll
0x00007ffba26e0000 - 0x00007ffba27e0000 	C:\WINDOWS\System32\ucrtbase.dll
0x00007ffb98310000 - 0x00007ffb985ab000 	C:\WINDOWS\WinSxS\amd64_microsoft.windows.common-controls_6595b64144ccf1df_6.0.19041.488_none_ca04af081b815d21\COMCTL32.dll
0x00007ffba41f0000 - 0x00007ffba4220000 	C:\WINDOWS\System32\IMM32.DLL
0x0000000062040000 - 0x0000000062112000 	E:\Android\Android Studio\jre\jre\bin\msvcr100.dll
0x0000000062b50000 - 0x000000006339b000 	E:\Android\Android Studio\jre\jre\bin\server\jvm.dll
0x00007ffba2b10000 - 0x00007ffba2b18000 	C:\WINDOWS\System32\PSAPI.DLL
0x00007ffb9e0c0000 - 0x00007ffb9e0c9000 	C:\WINDOWS\SYSTEM32\WSOCK32.dll
0x00007ffb98870000 - 0x00007ffb98897000 	C:\WINDOWS\SYSTEM32\WINMM.dll
0x00007ffb9b650000 - 0x00007ffb9b65a000 	C:\WINDOWS\SYSTEM32\VERSION.dll
0x00007ffba4180000 - 0x00007ffba41eb000 	C:\WINDOWS\System32\WS2_32.dll
0x00007ffb9cbe0000 - 0x00007ffb9cbef000 	E:\Android\Android Studio\jre\jre\bin\verify.dll
0x00007ffb8e9b0000 - 0x00007ffb8e9d9000 	E:\Android\Android Studio\jre\jre\bin\java.dll
0x00007ffb988c0000 - 0x00007ffb988d6000 	E:\Android\Android Studio\jre\jre\bin\zip.dll
0x00007ffba3690000 - 0x00007ffba3dd2000 	C:\WINDOWS\System32\SHELL32.dll
0x00007ffba02c0000 - 0x00007ffba0a55000 	C:\WINDOWS\SYSTEM32\windows.storage.dll
0x00007ffba4690000 - 0x00007ffba49e6000 	C:\WINDOWS\System32\combase.dll
0x00007ffba1be0000 - 0x00007ffba1c0c000 	C:\WINDOWS\SYSTEM32\Wldp.dll
0x00007ffba4220000 - 0x00007ffba42ce000 	C:\WINDOWS\System32\SHCORE.dll
0x00007ffba2b20000 - 0x00007ffba2b75000 	C:\WINDOWS\System32\shlwapi.dll
0x00007ffba20a0000 - 0x00007ffba20c6000 	C:\WINDOWS\SYSTEM32\profapi.dll
0x00007ffb95960000 - 0x00007ffb9597a000 	E:\Android\Android Studio\jre\jre\bin\net.dll
0x00007ffba1960000 - 0x00007ffba19ca000 	C:\WINDOWS\system32\mswsock.dll
0x00007ffb95610000 - 0x00007ffb95623000 	E:\Android\Android Studio\jre\jre\bin\nio.dll
0x00007ffb959c0000 - 0x00007ffb959e6000 	C:\Users\Computer\.gradle\native\31\windows-amd64\native-platform.dll
0x00007ffb9cbc0000 - 0x00007ffb9cbcd000 	E:\Android\Android Studio\jre\jre\bin\management.dll
0x00007ffba1b30000 - 0x00007ffba1b48000 	C:\WINDOWS\SYSTEM32\CRYPTSP.dll
0x00007ffba1280000 - 0x00007ffba12b4000 	C:\WINDOWS\system32\rsaenh.dll
0x00007ffba21c0000 - 0x00007ffba21e7000 	C:\WINDOWS\System32\bcrypt.dll
0x00007ffba2060000 - 0x00007ffba208e000 	C:\WINDOWS\SYSTEM32\USERENV.dll
0x00007ffba2520000 - 0x00007ffba25a0000 	C:\WINDOWS\System32\bcryptprimitives.dll
0x00007ffba1b50000 - 0x00007ffba1b5c000 	C:\WINDOWS\SYSTEM32\CRYPTBASE.dll
0x00007ffba1600000 - 0x00007ffba163b000 	C:\WINDOWS\SYSTEM32\IPHLPAPI.DLL
0x00007ffba2a90000 - 0x00007ffba2a98000 	C:\WINDOWS\System32\NSI.dll
0x00007ffb9b850000 - 0x00007ffb9b867000 	C:\WINDOWS\SYSTEM32\dhcpcsvc6.DLL
0x00007ffb9b800000 - 0x00007ffb9b81d000 	C:\WINDOWS\SYSTEM32\dhcpcsvc.DLL
0x00007ffba1650000 - 0x00007ffba171b000 	C:\WINDOWS\SYSTEM32\DNSAPI.dll

VM Arguments:
jvm_args: -Xmx2048m -Dfile.encoding=windows-1252 -Duser.country=US -Duser.language=en -Duser.variant 
java_command: org.gradle.launcher.daemon.bootstrap.GradleDaemon 6.1.1
java_class_path (initial): C:\Users\Computer\.gradle\wrapper\dists\gradle-6.1.1-all\cfmwm155h49vnt3hynmlrsdst\gradle-6.1.1\lib\gradle-launcher-6.1.1.jar
Launcher Type: SUN_STANDARD

Environment Variables:
PATH=C:\Program Files (x86)\Common Files\Oracle\Java\javapath;C:\Windows\system32;C:\Windows;C:\Windows\System32\Wbem;C:\Windows\System32\WindowsPowerShell\v1.0\;C:\Program Files (x86)\NVIDIA Corporation\PhysX\Common;C:\Program Files\NVIDIA Corporation\NVIDIA NvDLISR;C:\WINDOWS\system32;C:\WINDOWS;C:\WINDOWS\System32\Wbem;C:\WINDOWS\System32\WindowsPowerShell\v1.0\;C:\WINDOWS\System32\OpenSSH\;C:\Program Files\dotnet\;C:\Program Files\Microsoft SQL Server\130\Tools\Binn\;C:\Program Files\Microsoft SQL Server\Client SDK\ODBC\170\Tools\Binn\;C:\ProgramData\chocolatey\bin;C:\Program Files\PuTTY\;E:\Node\;C:\Users\Computer\AppData\Local\Microsoft\WindowsApps;;C:\Users\Computer\AppData\Local\Programs\Microsoft VS Code\bin;E:\Jetbrains\IntelliJ IDEA Community Edition 2020.2.1\bin;;C:\Users\Computer\AppData\Roaming\npm
USERNAME=Computer
OS=Windows_NT
PROCESSOR_IDENTIFIER=Intel64 Family 6 Model 58 Stepping 9, GenuineIntel



---------------  S Y S T E M  ---------------

OS: Windows 10.0 , 64 bit Build 19041 (10.0.19041.662)

CPU:total 8 (initial active 8) (4 cores per cpu, 2 threads per core) family 6 model 58 stepping 9, cmov, cx8, fxsr, mmx, sse, sse2, sse3, ssse3, sse4.1, sse4.2, popcnt, avx, aes, clmul, erms, ht, tsc, tscinvbit, tscinv

Memory: 4k page, physical 16659692k(5624972k free), swap 45794468k(5176k free)

vm_info: OpenJDK 64-Bit Server VM (25.242-b01) for windows-amd64 JRE (1.8.0_242-release-1644-b01), built by "builder" with MS VC++ 10.0 (VS2010)

time: Thu Jan 14 18:54:49 2021
timezone: FLE Standard Time
elapsed time: 16 seconds (0d 0h 0m 16s)

